Using pre-set license
Built from '2020.3/staging' branch; Version is '2020.3.5f1 (8095aa901b9b) revision 8426922'; Using compiler version '192528614'; Build Type 'Release'
OS: 'Windows 10 Pro; OS build 19044.1348; Version 2009; 64bit' Language: 'ru' Physical Memory: 16332 MB
BatchMode: 1, IsHumanControllingUs: 0, StartBugReporterOnCrash: 0, Is64bit: 1, IsPro: 0

 COMMAND LINE ARGUMENTS:
C:\Program Files\Unity\Hub\Editor\2020.3.5f1\Editor\Unity.exe
-adb2
-batchMode
-noUpm
-name
AssetImportWorker0
-projectPath
D:/GAMES/unity/projects/test_project_for_fun/unity_project_for_fun
-logFile
Logs/AssetImportWorker0.log
-srvPort
53850
Successfully changed project path to: D:/GAMES/unity/projects/test_project_for_fun/unity_project_for_fun
D:/GAMES/unity/projects/test_project_for_fun/unity_project_for_fun
Using Asset Import Pipeline V2.
Refreshing native plugins compatible for Editor in 42.47 ms, found 2 plugins.
Preloading 0 native plugins for Editor in 0.00 ms.
Initialize engine version: 2020.3.5f1 (8095aa901b9b)
[Subsystems] Discovering subsystems at path C:/Program Files/Unity/Hub/Editor/2020.3.5f1/Editor/Data/Resources/UnitySubsystems
[Subsystems] Discovering subsystems at path D:/GAMES/unity/projects/test_project_for_fun/unity_project_for_fun/Assets
GfxDevice: creating device client; threaded=0
Direct3D:
    Version:  Direct3D 11.0 [level 11.1]
    Renderer: NVIDIA GeForce RTX 2080 Ti (ID=0x1e07)
    Vendor:   
    VRAM:     11048 MB
    Driver:   27.21.14.5751
Initialize mono
Mono path[0] = 'C:/Program Files/Unity/Hub/Editor/2020.3.5f1/Editor/Data/Managed'
Mono path[1] = 'C:/Program Files/Unity/Hub/Editor/2020.3.5f1/Editor/Data/MonoBleedingEdge/lib/mono/unityjit'
Mono config path = 'C:/Program Files/Unity/Hub/Editor/2020.3.5f1/Editor/Data/MonoBleedingEdge/etc'
Using monoOptions --debugger-agent=transport=dt_socket,embedding=1,server=y,suspend=n,address=127.0.0.1:56984
Begin MonoManager ReloadAssembly
Registering precompiled unity dll's ...
Register platform support module: C:/Program Files/Unity/Hub/Editor/2020.3.5f1/Editor/Data/PlaybackEngines/WindowsStandaloneSupport/UnityEditor.WindowsStandalone.Extensions.dll
Registered in 0.001843 seconds.
Native extension for WindowsStandalone target not found
Refreshing native plugins compatible for Editor in 39.26 ms, found 2 plugins.
Preloading 0 native plugins for Editor in 0.00 ms.
Mono: successfully reloaded assembly
- Completed reload, in  1.042 seconds
Platform modules already initialized, skipping
Registering precompiled user dll's ...
Registered in 0.003572 seconds.
Begin MonoManager ReloadAssembly
Native extension for WindowsStandalone target not found
Refreshing native plugins compatible for Editor in 0.70 ms, found 2 plugins.
Preloading 0 native plugins for Editor in 0.00 ms.
Mono: successfully reloaded assembly
- Completed reload, in  1.000 seconds
Platform modules already initialized, skipping
========================================================================
Worker process is ready to serve import requests
Launched and connected shader compiler UnityShaderCompiler.exe after 0.04 seconds
Refreshing native plugins compatible for Editor in 0.78 ms, found 2 plugins.
Preloading 0 native plugins for Editor in 0.00 ms.
Unloading 2222 Unused Serialized files (Serialized files now loaded: 0)
System memory in use before: 93.1 MB.
System memory in use after: 93.2 MB.

Unloading 63 unused Assets to reduce memory usage. Loaded Objects now: 2623.
Total: 4.848900 ms (FindLiveObjects: 0.276300 ms CreateObjectMapping: 0.052600 ms MarkObjects: 4.427700 ms  DeleteObjects: 0.091400 ms)

========================================================================
Received Import Request.
  path: Assets/Scripts/TurnController.cs
  artifactKey: Guid(01e68e25fd18b0644a3e2dffc8a29d47) Importer(815301076,1909f56bfc062723c751e8b465ee728b)
Start importing Assets/Scripts/TurnController.cs using Guid(01e68e25fd18b0644a3e2dffc8a29d47) Importer(815301076,1909f56bfc062723c751e8b465ee728b)  -> (artifact id: '29ac1347e7377bcbed7572b96df0966f') in 0.020196 seconds
  Import took 0.023713 seconds .

========================================================================
Received Import Request.
  Time since last request: 119.699774 seconds.
  path: Assets/Scripts/TurnController.cs
  artifactKey: Guid(01e68e25fd18b0644a3e2dffc8a29d47) Importer(815301076,1909f56bfc062723c751e8b465ee728b)
Start importing Assets/Scripts/TurnController.cs using Guid(01e68e25fd18b0644a3e2dffc8a29d47) Importer(815301076,1909f56bfc062723c751e8b465ee728b)  -> (artifact id: 'e20028c3e34682541ebae902218b257a') in 0.001746 seconds
  Import took 0.004952 seconds .

========================================================================
Received Import Request.
  Time since last request: 24.527925 seconds.
  path: Assets/Scripts/TurnController.cs
  artifactKey: Guid(01e68e25fd18b0644a3e2dffc8a29d47) Importer(815301076,1909f56bfc062723c751e8b465ee728b)
Start importing Assets/Scripts/TurnController.cs using Guid(01e68e25fd18b0644a3e2dffc8a29d47) Importer(815301076,1909f56bfc062723c751e8b465ee728b)  -> (artifact id: '787f90886daaee09523edd33918ebd31') in 0.001814 seconds
  Import took 0.004960 seconds .

========================================================================
Received Import Request.
  Time since last request: 81.506997 seconds.
  path: Assets/Scripts/TurnController.cs
  artifactKey: Guid(01e68e25fd18b0644a3e2dffc8a29d47) Importer(815301076,1909f56bfc062723c751e8b465ee728b)
Start importing Assets/Scripts/TurnController.cs using Guid(01e68e25fd18b0644a3e2dffc8a29d47) Importer(815301076,1909f56bfc062723c751e8b465ee728b)  -> (artifact id: 'fd3aaa358e2e9672fea4c9fd3f373dd9') in 0.001868 seconds
  Import took 0.004756 seconds .

========================================================================
Received Import Request.
  Time since last request: 10.629931 seconds.
  path: Assets/Scripts/TurnController.cs
  artifactKey: Guid(01e68e25fd18b0644a3e2dffc8a29d47) Importer(815301076,1909f56bfc062723c751e8b465ee728b)
Start importing Assets/Scripts/TurnController.cs using Guid(01e68e25fd18b0644a3e2dffc8a29d47) Importer(815301076,1909f56bfc062723c751e8b465ee728b)  -> (artifact id: 'dc0551fd1fb006e9074dd6fb80544658') in 0.001440 seconds
  Import took 0.004398 seconds .

========================================================================
Received Import Request.
  Time since last request: 44.078018 seconds.
  path: Assets/Scripts/TurnController.cs
  artifactKey: Guid(01e68e25fd18b0644a3e2dffc8a29d47) Importer(815301076,1909f56bfc062723c751e8b465ee728b)
Start importing Assets/Scripts/TurnController.cs using Guid(01e68e25fd18b0644a3e2dffc8a29d47) Importer(815301076,1909f56bfc062723c751e8b465ee728b)  -> (artifact id: '96b1cb44ac0da951bad8ce210b01362f') in 0.001263 seconds
  Import took 0.004157 seconds .

========================================================================
Received Import Request.
  Time since last request: 15.619347 seconds.
  path: Assets/Scripts/TurnController.cs
  artifactKey: Guid(01e68e25fd18b0644a3e2dffc8a29d47) Importer(815301076,1909f56bfc062723c751e8b465ee728b)
Start importing Assets/Scripts/TurnController.cs using Guid(01e68e25fd18b0644a3e2dffc8a29d47) Importer(815301076,1909f56bfc062723c751e8b465ee728b)  -> (artifact id: 'e801f86228979c52f20bbbbcc214c864') in 0.001547 seconds
  Import took 0.004387 seconds .

========================================================================
Received Import Request.
  Time since last request: 34.597894 seconds.
  path: Assets/Scripts/TurnController.cs
  artifactKey: Guid(01e68e25fd18b0644a3e2dffc8a29d47) Importer(815301076,1909f56bfc062723c751e8b465ee728b)
Start importing Assets/Scripts/TurnController.cs using Guid(01e68e25fd18b0644a3e2dffc8a29d47) Importer(815301076,1909f56bfc062723c751e8b465ee728b)  -> (artifact id: '2d6bd1a7937698b7d5d28aebc7b4a097') in 0.001356 seconds
  Import took 0.004415 seconds .

========================================================================
Received Import Request.
  Time since last request: 11.360258 seconds.
  path: Assets/Scripts/TurnController.cs
  artifactKey: Guid(01e68e25fd18b0644a3e2dffc8a29d47) Importer(815301076,1909f56bfc062723c751e8b465ee728b)
Start importing Assets/Scripts/TurnController.cs using Guid(01e68e25fd18b0644a3e2dffc8a29d47) Importer(815301076,1909f56bfc062723c751e8b465ee728b)  -> (artifact id: 'a51551cf0bc67dd570605a01ed5b3fd1') in 0.001604 seconds
  Import took 0.004522 seconds .

========================================================================
Received Import Request.
  Time since last request: 5.021897 seconds.
  path: Assets/Scripts/TurnController.cs
  artifactKey: Guid(01e68e25fd18b0644a3e2dffc8a29d47) Importer(815301076,1909f56bfc062723c751e8b465ee728b)
Start importing Assets/Scripts/TurnController.cs using Guid(01e68e25fd18b0644a3e2dffc8a29d47) Importer(815301076,1909f56bfc062723c751e8b465ee728b)  -> (artifact id: 'f3f5739f41c4b527b0dc9da0794dd026') in 0.001687 seconds
  Import took 0.004901 seconds .

========================================================================
Received Import Request.
  Time since last request: 57.356868 seconds.
  path: Assets/Scripts/TurnController.cs
  artifactKey: Guid(01e68e25fd18b0644a3e2dffc8a29d47) Importer(815301076,1909f56bfc062723c751e8b465ee728b)
Start importing Assets/Scripts/TurnController.cs using Guid(01e68e25fd18b0644a3e2dffc8a29d47) Importer(815301076,1909f56bfc062723c751e8b465ee728b)  -> (artifact id: 'fe487dab0382cfa41c77e5042e79e2fa') in 0.001293 seconds
  Import took 0.004779 seconds .

========================================================================
Received Import Request.
  Time since last request: 99.582975 seconds.
  path: Assets/Scripts/TurnController.cs
  artifactKey: Guid(01e68e25fd18b0644a3e2dffc8a29d47) Importer(815301076,1909f56bfc062723c751e8b465ee728b)
Start importing Assets/Scripts/TurnController.cs using Guid(01e68e25fd18b0644a3e2dffc8a29d47) Importer(815301076,1909f56bfc062723c751e8b465ee728b)  -> (artifact id: '87df51cc9f8a4b1eb4ec069aed055349') in 0.001317 seconds
  Import took 0.004482 seconds .

========================================================================
Received Import Request.
  Time since last request: 101.222702 seconds.
  path: Assets/Scripts/TurnController.cs
  artifactKey: Guid(01e68e25fd18b0644a3e2dffc8a29d47) Importer(815301076,1909f56bfc062723c751e8b465ee728b)
Start importing Assets/Scripts/TurnController.cs using Guid(01e68e25fd18b0644a3e2dffc8a29d47) Importer(815301076,1909f56bfc062723c751e8b465ee728b)  -> (artifact id: '546cd70b2cb3ab0c7e7838094d5560c1') in 0.001374 seconds
  Import took 0.004200 seconds .

========================================================================
Received Import Request.
  Time since last request: 5.801645 seconds.
  path: Assets/Scripts/TurnController.cs
  artifactKey: Guid(01e68e25fd18b0644a3e2dffc8a29d47) Importer(815301076,1909f56bfc062723c751e8b465ee728b)
Start importing Assets/Scripts/TurnController.cs using Guid(01e68e25fd18b0644a3e2dffc8a29d47) Importer(815301076,1909f56bfc062723c751e8b465ee728b)  -> (artifact id: '705c3fbe81797a118e986997384c8297') in 0.001750 seconds
  Import took 0.004740 seconds .

========================================================================
Received Prepare
Registering precompiled user dll's ...
Registered in 0.003599 seconds.
Begin MonoManager ReloadAssembly
Native extension for WindowsStandalone target not found
Refreshing native plugins compatible for Editor in 0.70 ms, found 2 plugins.
Preloading 0 native plugins for Editor in 0.00 ms.
Mono: successfully reloaded assembly
- Completed reload, in  0.860 seconds
Platform modules already initialized, skipping
Refreshing native plugins compatible for Editor in 0.70 ms, found 2 plugins.
Preloading 0 native plugins for Editor in 0.00 ms.
Unloading 2190 Unused Serialized files (Serialized files now loaded: 0)
System memory in use before: 90.3 MB.
System memory in use after: 90.4 MB.

Unloading 54 unused Assets to reduce memory usage. Loaded Objects now: 2625.
Total: 4.229000 ms (FindLiveObjects: 0.221100 ms CreateObjectMapping: 0.048400 ms MarkObjects: 3.903200 ms  DeleteObjects: 0.055500 ms)

========================================================================
Received Import Request.
  Time since last request: 75.718350 seconds.
  path: Assets/Scripts/ChangePlayerController.cs
  artifactKey: Guid(fdf2262e3755234478166d7207025b9f) Importer(815301076,1909f56bfc062723c751e8b465ee728b)
Start importing Assets/Scripts/ChangePlayerController.cs using Guid(fdf2262e3755234478166d7207025b9f) Importer(815301076,1909f56bfc062723c751e8b465ee728b)  -> (artifact id: 'c3b6ff36eb5bbd70124f8003eb42cd29') in 0.004248 seconds
  Import took 0.007327 seconds .

========================================================================
Received Prepare
Registering precompiled user dll's ...
Registered in 0.003712 seconds.
Begin MonoManager ReloadAssembly
Native extension for WindowsStandalone target not found
Refreshing native plugins compatible for Editor in 0.79 ms, found 2 plugins.
Preloading 0 native plugins for Editor in 0.00 ms.
Mono: successfully reloaded assembly
- Completed reload, in  0.903 seconds
Platform modules already initialized, skipping
Refreshing native plugins compatible for Editor in 0.78 ms, found 2 plugins.
Preloading 0 native plugins for Editor in 0.00 ms.
Unloading 2191 Unused Serialized files (Serialized files now loaded: 0)
System memory in use before: 90.3 MB.
System memory in use after: 90.4 MB.

Unloading 54 unused Assets to reduce memory usage. Loaded Objects now: 2628.
Total: 4.512500 ms (FindLiveObjects: 0.220500 ms CreateObjectMapping: 0.050300 ms MarkObjects: 4.173400 ms  DeleteObjects: 0.067600 ms)

========================================================================
Received Import Request.
  Time since last request: 22.092430 seconds.
  path: Assets/Scripts/ChangePlayerController.cs
  artifactKey: Guid(fdf2262e3755234478166d7207025b9f) Importer(815301076,1909f56bfc062723c751e8b465ee728b)
Start importing Assets/Scripts/ChangePlayerController.cs using Guid(fdf2262e3755234478166d7207025b9f) Importer(815301076,1909f56bfc062723c751e8b465ee728b)  -> (artifact id: '926fc5a82a85f5c002bff733cfeed92a') in 0.004862 seconds
  Import took 0.008100 seconds .

========================================================================
Received Prepare
Registering precompiled user dll's ...
Registered in 0.003841 seconds.
Begin MonoManager ReloadAssembly
Native extension for WindowsStandalone target not found
Refreshing native plugins compatible for Editor in 0.69 ms, found 2 plugins.
Preloading 0 native plugins for Editor in 0.00 ms.
Mono: successfully reloaded assembly
- Completed reload, in  0.848 seconds
Platform modules already initialized, skipping
Refreshing native plugins compatible for Editor in 0.80 ms, found 2 plugins.
Preloading 0 native plugins for Editor in 0.00 ms.
Unloading 2191 Unused Serialized files (Serialized files now loaded: 0)
System memory in use before: 90.4 MB.
System memory in use after: 90.5 MB.

Unloading 54 unused Assets to reduce memory usage. Loaded Objects now: 2630.
Total: 5.315600 ms (FindLiveObjects: 0.322900 ms CreateObjectMapping: 0.162900 ms MarkObjects: 4.757100 ms  DeleteObjects: 0.071600 ms)

========================================================================
Received Import Request.
  Time since last request: 96.182874 seconds.
  path: Assets/Prefabs/EnemyTank.prefab
  artifactKey: Guid(b64177553c1b2774cbd656645a4581fb) Importer(815301076,1909f56bfc062723c751e8b465ee728b)
Start importing Assets/Prefabs/EnemyTank.prefab using Guid(b64177553c1b2774cbd656645a4581fb) Importer(815301076,1909f56bfc062723c751e8b465ee728b)  -> (artifact id: '866f8a4346558d8fda953db6e694b399') in 0.076731 seconds
  Import took 0.079820 seconds .

========================================================================
Received Prepare
Registering precompiled user dll's ...
Registered in 0.034815 seconds.
Begin MonoManager ReloadAssembly
Native extension for WindowsStandalone target not found
Refreshing native plugins compatible for Editor in 0.74 ms, found 2 plugins.
Preloading 0 native plugins for Editor in 0.00 ms.
Mono: successfully reloaded assembly
- Completed reload, in  0.898 seconds
Platform modules already initialized, skipping
Refreshing native plugins compatible for Editor in 0.70 ms, found 2 plugins.
Preloading 0 native plugins for Editor in 0.00 ms.
Unloading 2192 Unused Serialized files (Serialized files now loaded: 0)
System memory in use before: 93.4 MB.
System memory in use after: 93.5 MB.

Unloading 54 unused Assets to reduce memory usage. Loaded Objects now: 2640.
Total: 5.011600 ms (FindLiveObjects: 0.362000 ms CreateObjectMapping: 0.144500 ms MarkObjects: 4.438800 ms  DeleteObjects: 0.064700 ms)

========================================================================
Received Prepare
Registering precompiled user dll's ...
Registered in 0.003390 seconds.
Begin MonoManager ReloadAssembly
Native extension for WindowsStandalone target not found
Refreshing native plugins compatible for Editor in 0.73 ms, found 2 plugins.
Preloading 0 native plugins for Editor in 0.00 ms.
Mono: successfully reloaded assembly
- Completed reload, in  0.896 seconds
Platform modules already initialized, skipping
Refreshing native plugins compatible for Editor in 0.76 ms, found 2 plugins.
Preloading 0 native plugins for Editor in 0.00 ms.
Unloading 2192 Unused Serialized files (Serialized files now loaded: 0)
System memory in use before: 93.4 MB.
System memory in use after: 93.5 MB.

Unloading 54 unused Assets to reduce memory usage. Loaded Objects now: 2642.
Total: 4.813800 ms (FindLiveObjects: 0.223700 ms CreateObjectMapping: 0.047200 ms MarkObjects: 4.471700 ms  DeleteObjects: 0.069900 ms)

========================================================================
Received Import Request.
  Time since last request: 35.783570 seconds.
  path: Assets/Prefabs/PlayerTank.prefab
  artifactKey: Guid(756d3a6506f2f8241b4e8badde68567a) Importer(815301076,1909f56bfc062723c751e8b465ee728b)
Start importing Assets/Prefabs/PlayerTank.prefab using Guid(756d3a6506f2f8241b4e8badde68567a) Importer(815301076,1909f56bfc062723c751e8b465ee728b)  -> (artifact id: 'a412ed4f8709cee1ed4259133bb0d828') in 0.058100 seconds
  Import took 0.061335 seconds .

========================================================================
Received Prepare
Registering precompiled user dll's ...
Registered in 0.003602 seconds.
Begin MonoManager ReloadAssembly
Native extension for WindowsStandalone target not found
Refreshing native plugins compatible for Editor in 0.71 ms, found 2 plugins.
Preloading 0 native plugins for Editor in 0.00 ms.
Mono: successfully reloaded assembly
- Completed reload, in  0.847 seconds
Platform modules already initialized, skipping
Refreshing native plugins compatible for Editor in 0.69 ms, found 2 plugins.
Preloading 0 native plugins for Editor in 0.00 ms.
Unloading 2192 Unused Serialized files (Serialized files now loaded: 0)
System memory in use before: 93.4 MB.
System memory in use after: 93.5 MB.

Unloading 54 unused Assets to reduce memory usage. Loaded Objects now: 2645.
Total: 4.764100 ms (FindLiveObjects: 0.230300 ms CreateObjectMapping: 0.050400 ms MarkObjects: 4.418400 ms  DeleteObjects: 0.063800 ms)

========================================================================
Received Prepare
Registering precompiled user dll's ...
Registered in 0.003562 seconds.
Begin MonoManager ReloadAssembly
Native extension for WindowsStandalone target not found
Refreshing native plugins compatible for Editor in 0.73 ms, found 2 plugins.
Preloading 0 native plugins for Editor in 0.00 ms.
Mono: successfully reloaded assembly
- Completed reload, in  0.858 seconds
Platform modules already initialized, skipping
Refreshing native plugins compatible for Editor in 0.70 ms, found 2 plugins.
Preloading 0 native plugins for Editor in 0.00 ms.
Unloading 2192 Unused Serialized files (Serialized files now loaded: 0)
System memory in use before: 93.5 MB.
System memory in use after: 93.6 MB.

Unloading 54 unused Assets to reduce memory usage. Loaded Objects now: 2647.
Total: 4.773400 ms (FindLiveObjects: 0.273800 ms CreateObjectMapping: 0.047900 ms MarkObjects: 4.378600 ms  DeleteObjects: 0.071900 ms)

========================================================================
Received Prepare
Registering precompiled user dll's ...
Registered in 0.003380 seconds.
Begin MonoManager ReloadAssembly
Native extension for WindowsStandalone target not found
Refreshing native plugins compatible for Editor in 0.70 ms, found 2 plugins.
Preloading 0 native plugins for Editor in 0.00 ms.
Mono: successfully reloaded assembly
- Completed reload, in  0.840 seconds
Platform modules already initialized, skipping
Refreshing native plugins compatible for Editor in 0.70 ms, found 2 plugins.
Preloading 0 native plugins for Editor in 0.00 ms.
Unloading 2192 Unused Serialized files (Serialized files now loaded: 0)
System memory in use before: 93.5 MB.
System memory in use after: 93.6 MB.

Unloading 54 unused Assets to reduce memory usage. Loaded Objects now: 2649.
Total: 4.688500 ms (FindLiveObjects: 0.210200 ms CreateObjectMapping: 0.048600 ms MarkObjects: 4.380100 ms  DeleteObjects: 0.048900 ms)

========================================================================
Received Prepare
Registering precompiled user dll's ...
Registered in 0.003874 seconds.
Begin MonoManager ReloadAssembly
Native extension for WindowsStandalone target not found
Refreshing native plugins compatible for Editor in 0.73 ms, found 2 plugins.
Preloading 0 native plugins for Editor in 0.00 ms.
Mono: successfully reloaded assembly
- Completed reload, in  0.863 seconds
Platform modules already initialized, skipping
Refreshing native plugins compatible for Editor in 0.76 ms, found 2 plugins.
Preloading 0 native plugins for Editor in 0.00 ms.
Unloading 2192 Unused Serialized files (Serialized files now loaded: 0)
System memory in use before: 93.5 MB.
System memory in use after: 93.6 MB.

Unloading 54 unused Assets to reduce memory usage. Loaded Objects now: 2651.
Total: 4.760400 ms (FindLiveObjects: 0.269500 ms CreateObjectMapping: 0.059100 ms MarkObjects: 4.360600 ms  DeleteObjects: 0.070100 ms)

========================================================================
Received Prepare
Registering precompiled user dll's ...
Registered in 0.003704 seconds.
Begin MonoManager ReloadAssembly
Native extension for WindowsStandalone target not found
Refreshing native plugins compatible for Editor in 0.71 ms, found 2 plugins.
Preloading 0 native plugins for Editor in 0.00 ms.
Mono: successfully reloaded assembly
- Completed reload, in  0.868 seconds
Platform modules already initialized, skipping
Refreshing native plugins compatible for Editor in 0.71 ms, found 2 plugins.
Preloading 0 native plugins for Editor in 0.00 ms.
Unloading 2192 Unused Serialized files (Serialized files now loaded: 0)
System memory in use before: 93.5 MB.
System memory in use after: 93.6 MB.

Unloading 54 unused Assets to reduce memory usage. Loaded Objects now: 2653.
Total: 4.643200 ms (FindLiveObjects: 0.213000 ms CreateObjectMapping: 0.049400 ms MarkObjects: 4.314300 ms  DeleteObjects: 0.064900 ms)

========================================================================
Received Prepare
Registering precompiled user dll's ...
Registered in 0.003435 seconds.
Begin MonoManager ReloadAssembly
Native extension for WindowsStandalone target not found
Refreshing native plugins compatible for Editor in 0.76 ms, found 2 plugins.
Preloading 0 native plugins for Editor in 0.00 ms.
Mono: successfully reloaded assembly
- Completed reload, in  0.837 seconds
Platform modules already initialized, skipping
Refreshing native plugins compatible for Editor in 0.70 ms, found 2 plugins.
Preloading 0 native plugins for Editor in 0.00 ms.
Unloading 2192 Unused Serialized files (Serialized files now loaded: 0)
System memory in use before: 93.5 MB.
System memory in use after: 93.5 MB.

Unloading 54 unused Assets to reduce memory usage. Loaded Objects now: 2655.
Total: 4.657400 ms (FindLiveObjects: 0.249000 ms CreateObjectMapping: 0.051000 ms MarkObjects: 4.295700 ms  DeleteObjects: 0.060700 ms)

========================================================================
Received Import Request.
  Time since last request: 243.205516 seconds.
  path: Assets/Prefabs/PlayerTank.prefab
  artifactKey: Guid(756d3a6506f2f8241b4e8badde68567a) Importer(815301076,1909f56bfc062723c751e8b465ee728b)
Start importing Assets/Prefabs/PlayerTank.prefab using Guid(756d3a6506f2f8241b4e8badde68567a) Importer(815301076,1909f56bfc062723c751e8b465ee728b)  -> (artifact id: '8a0f86430b92b8c67eca4d122237510a') in 0.042897 seconds
  Import took 0.045942 seconds .

========================================================================
Received Import Request.
  Time since last request: 18.188966 seconds.
  path: Assets/Prefabs/PlayerTank.prefab
  artifactKey: Guid(756d3a6506f2f8241b4e8badde68567a) Importer(815301076,1909f56bfc062723c751e8b465ee728b)
Start importing Assets/Prefabs/PlayerTank.prefab using Guid(756d3a6506f2f8241b4e8badde68567a) Importer(815301076,1909f56bfc062723c751e8b465ee728b)  -> (artifact id: 'bde24fc547acb301050e944366e8722e') in 0.011411 seconds
  Import took 0.014807 seconds .

========================================================================
Received Import Request.
  Time since last request: 17.881804 seconds.
  path: Assets/Prefabs/PlayerTank.prefab
  artifactKey: Guid(756d3a6506f2f8241b4e8badde68567a) Importer(815301076,1909f56bfc062723c751e8b465ee728b)
Start importing Assets/Prefabs/PlayerTank.prefab using Guid(756d3a6506f2f8241b4e8badde68567a) Importer(815301076,1909f56bfc062723c751e8b465ee728b)  -> (artifact id: '4dbeaf2ba03d2a38bfcfe11bc3f23d1e') in 0.015208 seconds
  Import took 0.018759 seconds .

========================================================================
Received Import Request.
  Time since last request: 6.034845 seconds.
  path: Assets/Prefabs/PlayerTank.prefab
  artifactKey: Guid(756d3a6506f2f8241b4e8badde68567a) Importer(815301076,1909f56bfc062723c751e8b465ee728b)
Start importing Assets/Prefabs/PlayerTank.prefab using Guid(756d3a6506f2f8241b4e8badde68567a) Importer(815301076,1909f56bfc062723c751e8b465ee728b)  -> (artifact id: '805f93dad253ad52f78bde917bae169b') in 0.010704 seconds
  Import took 0.013906 seconds .

========================================================================
Received Import Request.
  Time since last request: 5.435258 seconds.
  path: Assets/Prefabs/PlayerTank.prefab
  artifactKey: Guid(756d3a6506f2f8241b4e8badde68567a) Importer(815301076,1909f56bfc062723c751e8b465ee728b)
Start importing Assets/Prefabs/PlayerTank.prefab using Guid(756d3a6506f2f8241b4e8badde68567a) Importer(815301076,1909f56bfc062723c751e8b465ee728b)  -> (artifact id: '967056deca6108fb1aa06f02ff155957') in 0.009986 seconds
  Import took 0.013039 seconds .

========================================================================
Received Import Request.
  Time since last request: 12.508650 seconds.
  path: Assets/Prefabs/PlayerTank.prefab
  artifactKey: Guid(756d3a6506f2f8241b4e8badde68567a) Importer(815301076,1909f56bfc062723c751e8b465ee728b)
Start importing Assets/Prefabs/PlayerTank.prefab using Guid(756d3a6506f2f8241b4e8badde68567a) Importer(815301076,1909f56bfc062723c751e8b465ee728b)  -> (artifact id: '1f3b6d1c5552496bef4c95e8ba19ad28') in 0.011300 seconds
  Import took 0.014431 seconds .

========================================================================
Received Import Request.
  Time since last request: 3.627230 seconds.
  path: Assets/Prefabs/PlayerTank.prefab
  artifactKey: Guid(756d3a6506f2f8241b4e8badde68567a) Importer(815301076,1909f56bfc062723c751e8b465ee728b)
Start importing Assets/Prefabs/PlayerTank.prefab using Guid(756d3a6506f2f8241b4e8badde68567a) Importer(815301076,1909f56bfc062723c751e8b465ee728b)  -> (artifact id: '05d83ba396c4d860fea043d530d05dae') in 0.014080 seconds
  Import took 0.017076 seconds .

========================================================================
Received Import Request.
  Time since last request: 4.853014 seconds.
  path: Assets/Prefabs/PlayerTank.prefab
  artifactKey: Guid(756d3a6506f2f8241b4e8badde68567a) Importer(815301076,1909f56bfc062723c751e8b465ee728b)
Start importing Assets/Prefabs/PlayerTank.prefab using Guid(756d3a6506f2f8241b4e8badde68567a) Importer(815301076,1909f56bfc062723c751e8b465ee728b)  -> (artifact id: 'b727568f0db455b762e40801f6b25533') in 0.012786 seconds
  Import took 0.015922 seconds .

========================================================================
Received Import Request.
  Time since last request: 4.862709 seconds.
  path: Assets/Prefabs/PlayerTank.prefab
  artifactKey: Guid(756d3a6506f2f8241b4e8badde68567a) Importer(815301076,1909f56bfc062723c751e8b465ee728b)
Start importing Assets/Prefabs/PlayerTank.prefab using Guid(756d3a6506f2f8241b4e8badde68567a) Importer(815301076,1909f56bfc062723c751e8b465ee728b)  -> (artifact id: '3188c563cec7a641e7b78bbd32e45510') in 0.014882 seconds
  Import took 0.018039 seconds .

========================================================================
Received Import Request.
  Time since last request: 14.806872 seconds.
  path: Assets/Prefabs/PlayerTank.prefab
  artifactKey: Guid(756d3a6506f2f8241b4e8badde68567a) Importer(815301076,1909f56bfc062723c751e8b465ee728b)
Start importing Assets/Prefabs/PlayerTank.prefab using Guid(756d3a6506f2f8241b4e8badde68567a) Importer(815301076,1909f56bfc062723c751e8b465ee728b)  -> (artifact id: 'b69e5e3887593ee29c5c660a231d1509') in 0.010480 seconds
  Import took 0.013698 seconds .

========================================================================
Received Import Request.
  Time since last request: 2.675384 seconds.
  path: Assets/Prefabs/PlayerTank.prefab
  artifactKey: Guid(756d3a6506f2f8241b4e8badde68567a) Importer(815301076,1909f56bfc062723c751e8b465ee728b)
Start importing Assets/Prefabs/PlayerTank.prefab using Guid(756d3a6506f2f8241b4e8badde68567a) Importer(815301076,1909f56bfc062723c751e8b465ee728b)  -> (artifact id: 'f5e369cd1acb6d29a080745b78381eeb') in 0.013874 seconds
  Import took 0.017189 seconds .

========================================================================
Received Import Request.
  Time since last request: 3.025234 seconds.
  path: Assets/Prefabs/PlayerTank.prefab
  artifactKey: Guid(756d3a6506f2f8241b4e8badde68567a) Importer(815301076,1909f56bfc062723c751e8b465ee728b)
Start importing Assets/Prefabs/PlayerTank.prefab using Guid(756d3a6506f2f8241b4e8badde68567a) Importer(815301076,1909f56bfc062723c751e8b465ee728b)  -> (artifact id: '74efcd9ff2de37281703c678537ff2a4') in 0.013532 seconds
  Import took 0.016637 seconds .

========================================================================
Received Prepare
Registering precompiled user dll's ...
Registered in 0.003652 seconds.
Begin MonoManager ReloadAssembly
Native extension for WindowsStandalone target not found
Refreshing native plugins compatible for Editor in 0.73 ms, found 2 plugins.
Preloading 0 native plugins for Editor in 0.00 ms.
Mono: successfully reloaded assembly
- Completed reload, in  0.878 seconds
Platform modules already initialized, skipping
Refreshing native plugins compatible for Editor in 0.71 ms, found 2 plugins.
Preloading 0 native plugins for Editor in 0.00 ms.
Unloading 2192 Unused Serialized files (Serialized files now loaded: 0)
System memory in use before: 93.5 MB.
System memory in use after: 93.6 MB.

Unloading 54 unused Assets to reduce memory usage. Loaded Objects now: 2658.
Total: 4.703100 ms (FindLiveObjects: 0.216800 ms CreateObjectMapping: 0.048800 ms MarkObjects: 4.376600 ms  DeleteObjects: 0.059800 ms)

========================================================================
Received Import Request.
  Time since last request: 43.870303 seconds.
  path: Assets/Prefabs/PlayerTank.prefab
  artifactKey: Guid(756d3a6506f2f8241b4e8badde68567a) Importer(815301076,1909f56bfc062723c751e8b465ee728b)
Start importing Assets/Prefabs/PlayerTank.prefab using Guid(756d3a6506f2f8241b4e8badde68567a) Importer(815301076,1909f56bfc062723c751e8b465ee728b)  -> (artifact id: 'cf4028377d3bf46babb10009fb46d823') in 0.052383 seconds
  Import took 0.055741 seconds .

========================================================================
Received Prepare
Registering precompiled user dll's ...
Registered in 0.004081 seconds.
Begin MonoManager ReloadAssembly
Native extension for WindowsStandalone target not found
Refreshing native plugins compatible for Editor in 0.71 ms, found 2 plugins.
Preloading 0 native plugins for Editor in 0.00 ms.
Mono: successfully reloaded assembly
- Completed reload, in  0.831 seconds
Platform modules already initialized, skipping
Refreshing native plugins compatible for Editor in 0.69 ms, found 2 plugins.
Preloading 0 native plugins for Editor in 0.00 ms.
Unloading 2192 Unused Serialized files (Serialized files now loaded: 0)
System memory in use before: 93.5 MB.
System memory in use after: 93.6 MB.

Unloading 54 unused Assets to reduce memory usage. Loaded Objects now: 2661.
Total: 4.665600 ms (FindLiveObjects: 0.178400 ms CreateObjectMapping: 0.047100 ms MarkObjects: 4.375500 ms  DeleteObjects: 0.063500 ms)

========================================================================
Received Import Request.
  Time since last request: 34.393946 seconds.
  path: Assets/Prefabs/PlayerTank.prefab
  artifactKey: Guid(756d3a6506f2f8241b4e8badde68567a) Importer(815301076,1909f56bfc062723c751e8b465ee728b)
Start importing Assets/Prefabs/PlayerTank.prefab using Guid(756d3a6506f2f8241b4e8badde68567a) Importer(815301076,1909f56bfc062723c751e8b465ee728b)  -> (artifact id: '8b20781973550936510def3c434cc64e') in 0.044947 seconds
  Import took 0.048466 seconds .

========================================================================
Received Import Request.
  Time since last request: 17.455986 seconds.
  path: ProjectSettings/TagManager.asset
  artifactKey: Guid(00000000000000003000000000000000) Importer(815301076,1909f56bfc062723c751e8b465ee728b)
Start importing ProjectSettings/TagManager.asset using Guid(00000000000000003000000000000000) Importer(815301076,1909f56bfc062723c751e8b465ee728b)  -> (artifact id: 'a5730dbbd15f5435b4ffb4328447e4e2') in 0.002839 seconds
  Import took 0.005750 seconds .

========================================================================
Received Import Request.
  Time since last request: 0.003647 seconds.
  path: ProjectSettings/TagManager.asset
  artifactKey: Guid(00000000000000003000000000000000) Importer(815301076,1909f56bfc062723c751e8b465ee728b)
Start importing ProjectSettings/TagManager.asset using Guid(00000000000000003000000000000000) Importer(815301076,1909f56bfc062723c751e8b465ee728b)  -> (artifact id: 'a5730dbbd15f5435b4ffb4328447e4e2') in 0.001418 seconds
  Import took 0.003967 seconds .

========================================================================
Received Import Request.
  Time since last request: 13.921420 seconds.
  path: Assets/Prefabs/PlayerTank.prefab
  artifactKey: Guid(756d3a6506f2f8241b4e8badde68567a) Importer(815301076,1909f56bfc062723c751e8b465ee728b)
Start importing Assets/Prefabs/PlayerTank.prefab using Guid(756d3a6506f2f8241b4e8badde68567a) Importer(815301076,1909f56bfc062723c751e8b465ee728b)  -> (artifact id: 'f941f1a84bb86bcf393e5a29fedc33cc') in 0.011990 seconds
  Import took 0.015006 seconds .

========================================================================
Received Prepare
Registering precompiled user dll's ...
Registered in 0.003903 seconds.
Begin MonoManager ReloadAssembly
Native extension for WindowsStandalone target not found
Refreshing native plugins compatible for Editor in 0.79 ms, found 2 plugins.
Preloading 0 native plugins for Editor in 0.00 ms.
Mono: successfully reloaded assembly
- Completed reload, in  0.895 seconds
Platform modules already initialized, skipping
Refreshing native plugins compatible for Editor in 0.74 ms, found 2 plugins.
Preloading 0 native plugins for Editor in 0.00 ms.
Unloading 2192 Unused Serialized files (Serialized files now loaded: 0)
System memory in use before: 93.5 MB.
System memory in use after: 93.6 MB.

Unloading 56 unused Assets to reduce memory usage. Loaded Objects now: 2664.
Total: 4.568800 ms (FindLiveObjects: 0.232800 ms CreateObjectMapping: 0.055300 ms MarkObjects: 4.220100 ms  DeleteObjects: 0.059300 ms)

========================================================================
Received Prepare
Registering precompiled user dll's ...
Registered in 0.003689 seconds.
Begin MonoManager ReloadAssembly
Native extension for WindowsStandalone target not found
Refreshing native plugins compatible for Editor in 0.73 ms, found 2 plugins.
Preloading 0 native plugins for Editor in 0.00 ms.
Mono: successfully reloaded assembly
- Completed reload, in  0.856 seconds
Platform modules already initialized, skipping
Refreshing native plugins compatible for Editor in 0.72 ms, found 2 plugins.
Preloading 0 native plugins for Editor in 0.00 ms.
Unloading 2192 Unused Serialized files (Serialized files now loaded: 0)
System memory in use before: 93.5 MB.
System memory in use after: 93.6 MB.

Unloading 54 unused Assets to reduce memory usage. Loaded Objects now: 2666.
Total: 4.474900 ms (FindLiveObjects: 0.206600 ms CreateObjectMapping: 0.049500 ms MarkObjects: 4.153700 ms  DeleteObjects: 0.063900 ms)

========================================================================
Received Prepare
Registering precompiled user dll's ...
Registered in 0.004331 seconds.
Begin MonoManager ReloadAssembly
Native extension for WindowsStandalone target not found
Refreshing native plugins compatible for Editor in 0.73 ms, found 2 plugins.
Preloading 0 native plugins for Editor in 0.00 ms.
Mono: successfully reloaded assembly
- Completed reload, in  0.864 seconds
Platform modules already initialized, skipping
Refreshing native plugins compatible for Editor in 0.74 ms, found 2 plugins.
Preloading 0 native plugins for Editor in 0.00 ms.
Unloading 2192 Unused Serialized files (Serialized files now loaded: 0)
System memory in use before: 93.5 MB.
System memory in use after: 93.6 MB.

Unloading 54 unused Assets to reduce memory usage. Loaded Objects now: 2668.
Total: 4.524600 ms (FindLiveObjects: 0.232500 ms CreateObjectMapping: 0.050900 ms MarkObjects: 4.180000 ms  DeleteObjects: 0.060400 ms)

========================================================================
Received Prepare
Registering precompiled user dll's ...
Registered in 0.003846 seconds.
Begin MonoManager ReloadAssembly
Native extension for WindowsStandalone target not found
Refreshing native plugins compatible for Editor in 0.71 ms, found 2 plugins.
Preloading 0 native plugins for Editor in 0.00 ms.
Mono: successfully reloaded assembly
- Completed reload, in  0.950 seconds
Platform modules already initialized, skipping
Refreshing native plugins compatible for Editor in 0.94 ms, found 2 plugins.
Preloading 0 native plugins for Editor in 0.00 ms.
Unloading 2192 Unused Serialized files (Serialized files now loaded: 0)
System memory in use before: 93.5 MB.
System memory in use after: 93.6 MB.

Unloading 54 unused Assets to reduce memory usage. Loaded Objects now: 2670.
Total: 4.533500 ms (FindLiveObjects: 0.264900 ms CreateObjectMapping: 0.050000 ms MarkObjects: 4.155300 ms  DeleteObjects: 0.061900 ms)

========================================================================
Received Prepare
Registering precompiled user dll's ...
Registered in 0.003754 seconds.
Begin MonoManager ReloadAssembly
Native extension for WindowsStandalone target not found
Refreshing native plugins compatible for Editor in 0.71 ms, found 2 plugins.
Preloading 0 native plugins for Editor in 0.00 ms.
Mono: successfully reloaded assembly
- Completed reload, in  0.840 seconds
Platform modules already initialized, skipping
Refreshing native plugins compatible for Editor in 0.74 ms, found 2 plugins.
Preloading 0 native plugins for Editor in 0.00 ms.
Unloading 2192 Unused Serialized files (Serialized files now loaded: 0)
System memory in use before: 93.5 MB.
System memory in use after: 93.6 MB.

Unloading 54 unused Assets to reduce memory usage. Loaded Objects now: 2672.
Total: 4.815100 ms (FindLiveObjects: 0.232300 ms CreateObjectMapping: 0.053000 ms MarkObjects: 4.460200 ms  DeleteObjects: 0.068400 ms)

========================================================================
Received Prepare
Registering precompiled user dll's ...
Registered in 0.003691 seconds.
Begin MonoManager ReloadAssembly
Native extension for WindowsStandalone target not found
Refreshing native plugins compatible for Editor in 0.71 ms, found 2 plugins.
Preloading 0 native plugins for Editor in 0.00 ms.
Mono: successfully reloaded assembly
- Completed reload, in  0.837 seconds
Platform modules already initialized, skipping
Refreshing native plugins compatible for Editor in 0.71 ms, found 2 plugins.
Preloading 0 native plugins for Editor in 0.00 ms.
Unloading 2192 Unused Serialized files (Serialized files now loaded: 0)
System memory in use before: 93.5 MB.
System memory in use after: 93.6 MB.

Unloading 54 unused Assets to reduce memory usage. Loaded Objects now: 2674.
Total: 4.313200 ms (FindLiveObjects: 0.204700 ms CreateObjectMapping: 0.051100 ms MarkObjects: 4.002500 ms  DeleteObjects: 0.054100 ms)

========================================================================
Received Prepare
Registering precompiled user dll's ...
Registered in 0.003482 seconds.
Begin MonoManager ReloadAssembly
Native extension for WindowsStandalone target not found
Refreshing native plugins compatible for Editor in 0.71 ms, found 2 plugins.
Preloading 0 native plugins for Editor in 0.00 ms.
Mono: successfully reloaded assembly
- Completed reload, in  0.837 seconds
Platform modules already initialized, skipping
Refreshing native plugins compatible for Editor in 0.65 ms, found 2 plugins.
Preloading 0 native plugins for Editor in 0.00 ms.
Unloading 2192 Unused Serialized files (Serialized files now loaded: 0)
System memory in use before: 93.5 MB.
System memory in use after: 93.6 MB.

Unloading 54 unused Assets to reduce memory usage. Loaded Objects now: 2676.
Total: 4.341900 ms (FindLiveObjects: 0.213500 ms CreateObjectMapping: 0.055600 ms MarkObjects: 4.019900 ms  DeleteObjects: 0.052000 ms)

========================================================================
Received Import Request.
  Time since last request: 9363.635539 seconds.
  path: Assets/Scripts/Player/ControllPlayerObject.cs
  artifactKey: Guid(32e2d3584f32b0b478ff5609669a4371) Importer(815301076,1909f56bfc062723c751e8b465ee728b)
Start importing Assets/Scripts/Player/ControllPlayerObject.cs using Guid(32e2d3584f32b0b478ff5609669a4371) Importer(815301076,1909f56bfc062723c751e8b465ee728b)  -> (artifact id: '9f0279072cfcb5de8f3bc43cf089d181') in 0.008352 seconds
  Import took 0.012183 seconds .

========================================================================
Received Prepare
Registering precompiled user dll's ...
Registered in 0.005430 seconds.
Begin MonoManager ReloadAssembly
Native extension for WindowsStandalone target not found
Refreshing native plugins compatible for Editor in 0.72 ms, found 2 plugins.
Preloading 0 native plugins for Editor in 0.00 ms.
Mono: successfully reloaded assembly
- Completed reload, in  0.865 seconds
Platform modules already initialized, skipping
Refreshing native plugins compatible for Editor in 0.71 ms, found 2 plugins.
Preloading 0 native plugins for Editor in 0.00 ms.
Unloading 2193 Unused Serialized files (Serialized files now loaded: 0)
System memory in use before: 93.7 MB.
System memory in use after: 93.8 MB.

Unloading 54 unused Assets to reduce memory usage. Loaded Objects now: 2679.
Total: 4.349400 ms (FindLiveObjects: 0.207900 ms CreateObjectMapping: 0.051100 ms MarkObjects: 4.033800 ms  DeleteObjects: 0.055500 ms)

========================================================================
Received Import Request.
  Time since last request: 65.435452 seconds.
  path: Assets/Scripts/Player/ControllPlayerObject.cs
  artifactKey: Guid(32e2d3584f32b0b478ff5609669a4371) Importer(815301076,1909f56bfc062723c751e8b465ee728b)
Start importing Assets/Scripts/Player/ControllPlayerObject.cs using Guid(32e2d3584f32b0b478ff5609669a4371) Importer(815301076,1909f56bfc062723c751e8b465ee728b)  -> (artifact id: 'e160302570833bdfc7dfea5e4fda7fab') in 0.005717 seconds
  Import took 0.009470 seconds .

========================================================================
Received Prepare
Registering precompiled user dll's ...
Registered in 0.004231 seconds.
Begin MonoManager ReloadAssembly
Native extension for WindowsStandalone target not found
Refreshing native plugins compatible for Editor in 0.73 ms, found 2 plugins.
Preloading 0 native plugins for Editor in 0.00 ms.
Mono: successfully reloaded assembly
- Completed reload, in  0.915 seconds
Platform modules already initialized, skipping
Refreshing native plugins compatible for Editor in 1.01 ms, found 2 plugins.
Preloading 0 native plugins for Editor in 0.00 ms.
Unloading 2193 Unused Serialized files (Serialized files now loaded: 0)
System memory in use before: 93.7 MB.
System memory in use after: 93.9 MB.

Unloading 54 unused Assets to reduce memory usage. Loaded Objects now: 2681.
Total: 5.681400 ms (FindLiveObjects: 0.271200 ms CreateObjectMapping: 0.056800 ms MarkObjects: 5.275300 ms  DeleteObjects: 0.077100 ms)

========================================================================
Received Import Request.
  Time since last request: 67.163701 seconds.
  path: Assets/Scripts/Player/AssosiationMapForGameObjectAndPlayerObject.cs
  artifactKey: Guid(3b742593905ff7c41a309abcbdc80f8c) Importer(815301076,1909f56bfc062723c751e8b465ee728b)
Start importing Assets/Scripts/Player/AssosiationMapForGameObjectAndPlayerObject.cs using Guid(3b742593905ff7c41a309abcbdc80f8c) Importer(815301076,1909f56bfc062723c751e8b465ee728b)  -> (artifact id: '11ccd108872bd0492b039053f1ee594f') in 0.006054 seconds
  Import took 0.009484 seconds .

========================================================================
Received Prepare
Registering precompiled user dll's ...
Registered in 0.004743 seconds.
Begin MonoManager ReloadAssembly
Native extension for WindowsStandalone target not found
Refreshing native plugins compatible for Editor in 0.83 ms, found 2 plugins.
Preloading 0 native plugins for Editor in 0.00 ms.
Mono: successfully reloaded assembly
- Completed reload, in  0.915 seconds
Platform modules already initialized, skipping
Refreshing native plugins compatible for Editor in 0.69 ms, found 2 plugins.
Preloading 0 native plugins for Editor in 0.00 ms.
Unloading 2194 Unused Serialized files (Serialized files now loaded: 0)
System memory in use before: 93.7 MB.
System memory in use after: 93.9 MB.

Unloading 54 unused Assets to reduce memory usage. Loaded Objects now: 2684.
Total: 4.407700 ms (FindLiveObjects: 0.227200 ms CreateObjectMapping: 0.057400 ms MarkObjects: 4.060600 ms  DeleteObjects: 0.061500 ms)

========================================================================
Received Import Request.
  Time since last request: 78.320560 seconds.
  path: Assets/Scripts/Player/AssosiationMapForGameObjectAndPlayerObject.cs
  artifactKey: Guid(3b742593905ff7c41a309abcbdc80f8c) Importer(815301076,1909f56bfc062723c751e8b465ee728b)
Start importing Assets/Scripts/Player/AssosiationMapForGameObjectAndPlayerObject.cs using Guid(3b742593905ff7c41a309abcbdc80f8c) Importer(815301076,1909f56bfc062723c751e8b465ee728b)  -> (artifact id: '5cc13a6313a443791fa3a9f525e7de23') in 0.006311 seconds
  Import took 0.010193 seconds .

========================================================================
Received Import Request.
  Time since last request: 33.869188 seconds.
  path: Assets/Scripts/Player/AssosiationMapForGameObjectAndPlayerObject.cs
  artifactKey: Guid(3b742593905ff7c41a309abcbdc80f8c) Importer(815301076,1909f56bfc062723c751e8b465ee728b)
Start importing Assets/Scripts/Player/AssosiationMapForGameObjectAndPlayerObject.cs using Guid(3b742593905ff7c41a309abcbdc80f8c) Importer(815301076,1909f56bfc062723c751e8b465ee728b)  -> (artifact id: '8ce5a907528f5fb9a065db9efe172a73') in 0.002253 seconds
  Import took 0.007182 seconds .

========================================================================
Received Import Request.
  Time since last request: 29.529700 seconds.
  path: Assets/Scripts/Player/AssosiationMapForGameObjectAndPlayerObject.cs
  artifactKey: Guid(3b742593905ff7c41a309abcbdc80f8c) Importer(815301076,1909f56bfc062723c751e8b465ee728b)
Start importing Assets/Scripts/Player/AssosiationMapForGameObjectAndPlayerObject.cs using Guid(3b742593905ff7c41a309abcbdc80f8c) Importer(815301076,1909f56bfc062723c751e8b465ee728b)  -> (artifact id: '34325edcd4d569cccfddf4a089f9d279') in 0.003261 seconds
  Import took 0.007235 seconds .

========================================================================
Received Import Request.
  Time since last request: 129.544288 seconds.
  path: Assets/Scripts/Player/AssosiationMapForGameObjectAndPlayerObject.cs
  artifactKey: Guid(3b742593905ff7c41a309abcbdc80f8c) Importer(815301076,1909f56bfc062723c751e8b465ee728b)
Start importing Assets/Scripts/Player/AssosiationMapForGameObjectAndPlayerObject.cs using Guid(3b742593905ff7c41a309abcbdc80f8c) Importer(815301076,1909f56bfc062723c751e8b465ee728b)  -> (artifact id: 'b7862985da3e1c7f2caa46be8af82252') in 0.003063 seconds
  Import took 0.006314 seconds .

========================================================================
Received Prepare
Registering precompiled user dll's ...
Registered in 0.003451 seconds.
Begin MonoManager ReloadAssembly
Native extension for WindowsStandalone target not found
Refreshing native plugins compatible for Editor in 0.70 ms, found 2 plugins.
Preloading 0 native plugins for Editor in 0.00 ms.
Mono: successfully reloaded assembly
- Completed reload, in  0.835 seconds
Platform modules already initialized, skipping
Refreshing native plugins compatible for Editor in 0.66 ms, found 2 plugins.
Preloading 0 native plugins for Editor in 0.00 ms.
Unloading 2194 Unused Serialized files (Serialized files now loaded: 0)
System memory in use before: 93.7 MB.
System memory in use after: 93.9 MB.

Unloading 54 unused Assets to reduce memory usage. Loaded Objects now: 2686.
Total: 4.605700 ms (FindLiveObjects: 0.228000 ms CreateObjectMapping: 0.062200 ms MarkObjects: 4.256900 ms  DeleteObjects: 0.057600 ms)

========================================================================
Received Prepare
Registering precompiled user dll's ...
Registered in 0.003957 seconds.
Begin MonoManager ReloadAssembly
Native extension for WindowsStandalone target not found
Refreshing native plugins compatible for Editor in 0.73 ms, found 2 plugins.
Preloading 0 native plugins for Editor in 0.00 ms.
Mono: successfully reloaded assembly
- Completed reload, in  0.904 seconds
Platform modules already initialized, skipping
Refreshing native plugins compatible for Editor in 0.93 ms, found 2 plugins.
Preloading 0 native plugins for Editor in 0.00 ms.
Unloading 2194 Unused Serialized files (Serialized files now loaded: 0)
System memory in use before: 93.7 MB.
System memory in use after: 93.9 MB.

Unloading 55 unused Assets to reduce memory usage. Loaded Objects now: 2688.
Total: 5.585800 ms (FindLiveObjects: 0.384100 ms CreateObjectMapping: 0.092700 ms MarkObjects: 4.963500 ms  DeleteObjects: 0.144300 ms)

========================================================================
Received Prepare
Registering precompiled user dll's ...
Registered in 0.003826 seconds.
Begin MonoManager ReloadAssembly
Native extension for WindowsStandalone target not found
Refreshing native plugins compatible for Editor in 0.76 ms, found 2 plugins.
Preloading 0 native plugins for Editor in 0.00 ms.
Mono: successfully reloaded assembly
- Completed reload, in  0.882 seconds
Platform modules already initialized, skipping
Refreshing native plugins compatible for Editor in 0.72 ms, found 2 plugins.
Preloading 0 native plugins for Editor in 0.00 ms.
Unloading 2194 Unused Serialized files (Serialized files now loaded: 0)
System memory in use before: 93.7 MB.
System memory in use after: 93.9 MB.

Unloading 54 unused Assets to reduce memory usage. Loaded Objects now: 2690.
Total: 4.595700 ms (FindLiveObjects: 0.218200 ms CreateObjectMapping: 0.056000 ms MarkObjects: 4.265000 ms  DeleteObjects: 0.055400 ms)

========================================================================
Received Prepare
Registering precompiled user dll's ...
Registered in 0.003371 seconds.
Begin MonoManager ReloadAssembly
Native extension for WindowsStandalone target not found
Refreshing native plugins compatible for Editor in 0.74 ms, found 2 plugins.
Preloading 0 native plugins for Editor in 0.00 ms.
Mono: successfully reloaded assembly
- Completed reload, in  0.873 seconds
Platform modules already initialized, skipping
Refreshing native plugins compatible for Editor in 0.70 ms, found 2 plugins.
Preloading 0 native plugins for Editor in 0.00 ms.
Unloading 2194 Unused Serialized files (Serialized files now loaded: 0)
System memory in use before: 93.7 MB.
System memory in use after: 93.9 MB.

Unloading 54 unused Assets to reduce memory usage. Loaded Objects now: 2692.
Total: 4.528700 ms (FindLiveObjects: 0.205200 ms CreateObjectMapping: 0.058400 ms MarkObjects: 4.212000 ms  DeleteObjects: 0.052300 ms)

========================================================================
Received Prepare
Registering precompiled user dll's ...
Registered in 0.004038 seconds.
Begin MonoManager ReloadAssembly
Native extension for WindowsStandalone target not found
Refreshing native plugins compatible for Editor in 0.75 ms, found 2 plugins.
Preloading 0 native plugins for Editor in 0.00 ms.
Mono: successfully reloaded assembly
- Completed reload, in  0.957 seconds
Platform modules already initialized, skipping
Refreshing native plugins compatible for Editor in 0.81 ms, found 2 plugins.
Preloading 0 native plugins for Editor in 0.00 ms.
Unloading 2194 Unused Serialized files (Serialized files now loaded: 0)
System memory in use before: 93.8 MB.
System memory in use after: 94.0 MB.

Unloading 54 unused Assets to reduce memory usage. Loaded Objects now: 2694.
Total: 5.220300 ms (FindLiveObjects: 0.285200 ms CreateObjectMapping: 0.059900 ms MarkObjects: 4.787000 ms  DeleteObjects: 0.087000 ms)

========================================================================
Received Prepare
Registering precompiled user dll's ...
Registered in 0.003602 seconds.
Begin MonoManager ReloadAssembly
Native extension for WindowsStandalone target not found
Refreshing native plugins compatible for Editor in 0.81 ms, found 2 plugins.
Preloading 0 native plugins for Editor in 0.00 ms.
Mono: successfully reloaded assembly
- Completed reload, in  0.901 seconds
Platform modules already initialized, skipping
Refreshing native plugins compatible for Editor in 0.74 ms, found 2 plugins.
Preloading 0 native plugins for Editor in 0.00 ms.
Unloading 2194 Unused Serialized files (Serialized files now loaded: 0)
System memory in use before: 93.9 MB.
System memory in use after: 94.0 MB.

Unloading 54 unused Assets to reduce memory usage. Loaded Objects now: 2696.
Total: 4.854200 ms (FindLiveObjects: 0.230900 ms CreateObjectMapping: 0.055300 ms MarkObjects: 4.488200 ms  DeleteObjects: 0.078500 ms)

========================================================================
Received Prepare
Registering precompiled user dll's ...
Registered in 0.003597 seconds.
Begin MonoManager ReloadAssembly
Native extension for WindowsStandalone target not found
Refreshing native plugins compatible for Editor in 0.74 ms, found 2 plugins.
Preloading 0 native plugins for Editor in 0.00 ms.
Mono: successfully reloaded assembly
- Completed reload, in  0.872 seconds
Platform modules already initialized, skipping
Refreshing native plugins compatible for Editor in 0.73 ms, found 2 plugins.
Preloading 0 native plugins for Editor in 0.00 ms.
Unloading 2194 Unused Serialized files (Serialized files now loaded: 0)
System memory in use before: 93.9 MB.
System memory in use after: 94.0 MB.

Unloading 54 unused Assets to reduce memory usage. Loaded Objects now: 2698.
Total: 4.920700 ms (FindLiveObjects: 0.263800 ms CreateObjectMapping: 0.067300 ms MarkObjects: 4.517200 ms  DeleteObjects: 0.071000 ms)

========================================================================
Received Prepare
Registering precompiled user dll's ...
Registered in 0.003599 seconds.
Begin MonoManager ReloadAssembly
Native extension for WindowsStandalone target not found
Refreshing native plugins compatible for Editor in 0.74 ms, found 2 plugins.
Preloading 0 native plugins for Editor in 0.00 ms.
Mono: successfully reloaded assembly
- Completed reload, in  0.919 seconds
Platform modules already initialized, skipping
Refreshing native plugins compatible for Editor in 0.75 ms, found 2 plugins.
Preloading 0 native plugins for Editor in 0.00 ms.
Unloading 2194 Unused Serialized files (Serialized files now loaded: 0)
System memory in use before: 93.9 MB.
System memory in use after: 94.1 MB.

Unloading 54 unused Assets to reduce memory usage. Loaded Objects now: 2700.
Total: 5.322700 ms (FindLiveObjects: 0.247000 ms CreateObjectMapping: 0.061100 ms MarkObjects: 4.950800 ms  DeleteObjects: 0.062700 ms)

========================================================================
Received Prepare
Registering precompiled user dll's ...
Registered in 0.003593 seconds.
Begin MonoManager ReloadAssembly
Native extension for WindowsStandalone target not found
Refreshing native plugins compatible for Editor in 0.75 ms, found 2 plugins.
Preloading 0 native plugins for Editor in 0.00 ms.
Mono: successfully reloaded assembly
- Completed reload, in  0.935 seconds
Platform modules already initialized, skipping
Refreshing native plugins compatible for Editor in 0.73 ms, found 2 plugins.
Preloading 0 native plugins for Editor in 0.00 ms.
Unloading 2194 Unused Serialized files (Serialized files now loaded: 0)
System memory in use before: 93.8 MB.
System memory in use after: 94.0 MB.

Unloading 55 unused Assets to reduce memory usage. Loaded Objects now: 2702.
Total: 4.684000 ms (FindLiveObjects: 0.229300 ms CreateObjectMapping: 0.056800 ms MarkObjects: 4.335600 ms  DeleteObjects: 0.061700 ms)

========================================================================
Received Prepare
Registering precompiled user dll's ...
Registered in 0.003986 seconds.
Begin MonoManager ReloadAssembly
Native extension for WindowsStandalone target not found
Refreshing native plugins compatible for Editor in 0.74 ms, found 2 plugins.
Preloading 0 native plugins for Editor in 0.00 ms.
Mono: successfully reloaded assembly
- Completed reload, in  0.918 seconds
Platform modules already initialized, skipping
Refreshing native plugins compatible for Editor in 0.76 ms, found 2 plugins.
Preloading 0 native plugins for Editor in 0.00 ms.
Unloading 2194 Unused Serialized files (Serialized files now loaded: 0)
System memory in use before: 93.8 MB.
System memory in use after: 94.0 MB.

Unloading 54 unused Assets to reduce memory usage. Loaded Objects now: 2704.
Total: 5.073900 ms (FindLiveObjects: 0.305400 ms CreateObjectMapping: 0.151400 ms MarkObjects: 4.556900 ms  DeleteObjects: 0.059400 ms)

========================================================================
Received Import Request.
  Time since last request: 1395.849667 seconds.
  path: Assets/Scripts/RotateController.cs
  artifactKey: Guid(e67757132b1a9a84e93e201e887e5b54) Importer(815301076,1909f56bfc062723c751e8b465ee728b)
Start importing Assets/Scripts/RotateController.cs using Guid(e67757132b1a9a84e93e201e887e5b54) Importer(815301076,1909f56bfc062723c751e8b465ee728b)  -> (artifact id: 'a68ebd44e646943aaf51725b9b7cfee5') in 0.004105 seconds
  Import took 0.007121 seconds .

========================================================================
Received Prepare
Registering precompiled user dll's ...
Registered in 0.003752 seconds.
Begin MonoManager ReloadAssembly
Native extension for WindowsStandalone target not found
Refreshing native plugins compatible for Editor in 0.75 ms, found 2 plugins.
Preloading 0 native plugins for Editor in 0.00 ms.
Mono: successfully reloaded assembly
- Completed reload, in  0.911 seconds
Platform modules already initialized, skipping
Refreshing native plugins compatible for Editor in 0.70 ms, found 2 plugins.
Preloading 0 native plugins for Editor in 0.00 ms.
Unloading 2195 Unused Serialized files (Serialized files now loaded: 0)
System memory in use before: 93.8 MB.
System memory in use after: 94.0 MB.

Unloading 54 unused Assets to reduce memory usage. Loaded Objects now: 2707.
Total: 4.955900 ms (FindLiveObjects: 0.321900 ms CreateObjectMapping: 0.169500 ms MarkObjects: 4.400800 ms  DeleteObjects: 0.062400 ms)

========================================================================
Received Import Request.
  Time since last request: 41.105912 seconds.
  path: Assets/Scripts/RotateController.cs
  artifactKey: Guid(e67757132b1a9a84e93e201e887e5b54) Importer(815301076,1909f56bfc062723c751e8b465ee728b)
Start importing Assets/Scripts/RotateController.cs using Guid(e67757132b1a9a84e93e201e887e5b54) Importer(815301076,1909f56bfc062723c751e8b465ee728b)  -> (artifact id: '51a468b762400343a5785340ba30360e') in 0.005028 seconds
  Import took 0.008116 seconds .

========================================================================
Received Import Request.
  Time since last request: 299.489703 seconds.
  path: Assets/Scripts/RotateController.cs
  artifactKey: Guid(e67757132b1a9a84e93e201e887e5b54) Importer(815301076,1909f56bfc062723c751e8b465ee728b)
Start importing Assets/Scripts/RotateController.cs using Guid(e67757132b1a9a84e93e201e887e5b54) Importer(815301076,1909f56bfc062723c751e8b465ee728b)  -> (artifact id: '32f271ed709ee3e1b4087324c2828feb') in 0.001170 seconds
  Import took 0.004310 seconds .

========================================================================
Received Import Request.
  Time since last request: 13.956112 seconds.
  path: Assets/Scripts/RotateController.cs
  artifactKey: Guid(e67757132b1a9a84e93e201e887e5b54) Importer(815301076,1909f56bfc062723c751e8b465ee728b)
Start importing Assets/Scripts/RotateController.cs using Guid(e67757132b1a9a84e93e201e887e5b54) Importer(815301076,1909f56bfc062723c751e8b465ee728b)  -> (artifact id: 'fdf5093627e04c2a3e867512a45cf978') in 0.001759 seconds
  Import took 0.004907 seconds .

========================================================================
Received Import Request.
  Time since last request: 158.369780 seconds.
  path: Assets/Scripts/RotateController.cs
  artifactKey: Guid(e67757132b1a9a84e93e201e887e5b54) Importer(815301076,1909f56bfc062723c751e8b465ee728b)
Start importing Assets/Scripts/RotateController.cs using Guid(e67757132b1a9a84e93e201e887e5b54) Importer(815301076,1909f56bfc062723c751e8b465ee728b)  -> (artifact id: '228bb55de33fa6fd5e26a7b84421b6ca') in 0.001404 seconds
  Import took 0.004454 seconds .

========================================================================
Received Prepare
Registering precompiled user dll's ...
Registered in 0.003551 seconds.
Begin MonoManager ReloadAssembly
Native extension for WindowsStandalone target not found
Refreshing native plugins compatible for Editor in 0.80 ms, found 2 plugins.
Preloading 0 native plugins for Editor in 0.00 ms.
Mono: successfully reloaded assembly
- Completed reload, in  0.890 seconds
Platform modules already initialized, skipping
Refreshing native plugins compatible for Editor in 0.74 ms, found 2 plugins.
Preloading 0 native plugins for Editor in 0.00 ms.
Unloading 2195 Unused Serialized files (Serialized files now loaded: 0)
System memory in use before: 93.8 MB.
System memory in use after: 94.0 MB.

Unloading 54 unused Assets to reduce memory usage. Loaded Objects now: 2709.
Total: 4.764500 ms (FindLiveObjects: 0.214800 ms CreateObjectMapping: 0.054300 ms MarkObjects: 4.437700 ms  DeleteObjects: 0.056900 ms)

========================================================================
Received Prepare
Registering precompiled user dll's ...
Registered in 0.004117 seconds.
Begin MonoManager ReloadAssembly
Native extension for WindowsStandalone target not found
Refreshing native plugins compatible for Editor in 0.73 ms, found 2 plugins.
Preloading 0 native plugins for Editor in 0.00 ms.
Mono: successfully reloaded assembly
- Completed reload, in  0.878 seconds
Platform modules already initialized, skipping
Refreshing native plugins compatible for Editor in 0.75 ms, found 2 plugins.
Preloading 0 native plugins for Editor in 0.00 ms.
Unloading 2195 Unused Serialized files (Serialized files now loaded: 0)
System memory in use before: 93.8 MB.
System memory in use after: 94.0 MB.

Unloading 54 unused Assets to reduce memory usage. Loaded Objects now: 2711.
Total: 4.709500 ms (FindLiveObjects: 0.244100 ms CreateObjectMapping: 0.054500 ms MarkObjects: 4.344900 ms  DeleteObjects: 0.064300 ms)

========================================================================
Received Import Request.
  Time since last request: 141.623785 seconds.
  path: Assets/Scripts/RotateController.cs
  artifactKey: Guid(e67757132b1a9a84e93e201e887e5b54) Importer(815301076,1909f56bfc062723c751e8b465ee728b)
Start importing Assets/Scripts/RotateController.cs using Guid(e67757132b1a9a84e93e201e887e5b54) Importer(815301076,1909f56bfc062723c751e8b465ee728b)  -> (artifact id: '07a3cc025a04ad2b88be51d9af43dc9f') in 0.003998 seconds
  Import took 0.006957 seconds .

========================================================================
Received Prepare
Registering precompiled user dll's ...
Registered in 0.003820 seconds.
Begin MonoManager ReloadAssembly
Native extension for WindowsStandalone target not found
Refreshing native plugins compatible for Editor in 0.71 ms, found 2 plugins.
Preloading 0 native plugins for Editor in 0.00 ms.
Mono: successfully reloaded assembly
- Completed reload, in  0.841 seconds
Platform modules already initialized, skipping
Refreshing native plugins compatible for Editor in 0.70 ms, found 2 plugins.
Preloading 0 native plugins for Editor in 0.00 ms.
Unloading 2195 Unused Serialized files (Serialized files now loaded: 0)
System memory in use before: 93.8 MB.
System memory in use after: 94.0 MB.

Unloading 54 unused Assets to reduce memory usage. Loaded Objects now: 2713.
Total: 4.546400 ms (FindLiveObjects: 0.199300 ms CreateObjectMapping: 0.059600 ms MarkObjects: 4.230100 ms  DeleteObjects: 0.056600 ms)

========================================================================
Received Import Request.
  Time since last request: 29.419048 seconds.
  path: Assets/Scripts/RotateController.cs
  artifactKey: Guid(e67757132b1a9a84e93e201e887e5b54) Importer(815301076,1909f56bfc062723c751e8b465ee728b)
Start importing Assets/Scripts/RotateController.cs using Guid(e67757132b1a9a84e93e201e887e5b54) Importer(815301076,1909f56bfc062723c751e8b465ee728b)  -> (artifact id: 'cd7204db73557c22f553d55e158cd22a') in 0.004906 seconds
  Import took 0.008393 seconds .

========================================================================
Received Prepare
Registering precompiled user dll's ...
Registered in 0.003494 seconds.
Begin MonoManager ReloadAssembly
Native extension for WindowsStandalone target not found
Refreshing native plugins compatible for Editor in 0.72 ms, found 2 plugins.
Preloading 0 native plugins for Editor in 0.00 ms.
Mono: successfully reloaded assembly
- Completed reload, in  0.865 seconds
Platform modules already initialized, skipping
Refreshing native plugins compatible for Editor in 0.71 ms, found 2 plugins.
Preloading 0 native plugins for Editor in 0.00 ms.
Unloading 2195 Unused Serialized files (Serialized files now loaded: 0)
System memory in use before: 93.8 MB.
System memory in use after: 94.0 MB.

Unloading 54 unused Assets to reduce memory usage. Loaded Objects now: 2715.
Total: 4.906200 ms (FindLiveObjects: 0.257400 ms CreateObjectMapping: 0.053500 ms MarkObjects: 4.528300 ms  DeleteObjects: 0.065700 ms)

========================================================================
Received Prepare
Registering precompiled user dll's ...
Registered in 0.003580 seconds.
Begin MonoManager ReloadAssembly
Native extension for WindowsStandalone target not found
Refreshing native plugins compatible for Editor in 0.81 ms, found 2 plugins.
Preloading 0 native plugins for Editor in 0.00 ms.
Mono: successfully reloaded assembly
- Completed reload, in  0.859 seconds
Platform modules already initialized, skipping
Refreshing native plugins compatible for Editor in 0.73 ms, found 2 plugins.
Preloading 0 native plugins for Editor in 0.00 ms.
Unloading 2195 Unused Serialized files (Serialized files now loaded: 0)
System memory in use before: 93.9 MB.
System memory in use after: 94.0 MB.

Unloading 54 unused Assets to reduce memory usage. Loaded Objects now: 2717.
Total: 4.618400 ms (FindLiveObjects: 0.233200 ms CreateObjectMapping: 0.053900 ms MarkObjects: 4.265200 ms  DeleteObjects: 0.065100 ms)

========================================================================
Received Import Request.
  Time since last request: 36.968231 seconds.
  path: Assets/Prefabs/EnemyTank.prefab
  artifactKey: Guid(b64177553c1b2774cbd656645a4581fb) Importer(815301076,1909f56bfc062723c751e8b465ee728b)
Start importing Assets/Prefabs/EnemyTank.prefab using Guid(b64177553c1b2774cbd656645a4581fb) Importer(815301076,1909f56bfc062723c751e8b465ee728b)  -> (artifact id: 'b0084b10d879631e64a7ff5727d76cb3') in 0.062374 seconds
  Import took 0.065953 seconds .

========================================================================
Received Import Request.
  Time since last request: 8.011517 seconds.
  path: Assets/Prefabs/EnemyTank.prefab
  artifactKey: Guid(b64177553c1b2774cbd656645a4581fb) Importer(815301076,1909f56bfc062723c751e8b465ee728b)
Start importing Assets/Prefabs/EnemyTank.prefab using Guid(b64177553c1b2774cbd656645a4581fb) Importer(815301076,1909f56bfc062723c751e8b465ee728b)  -> (artifact id: '47e4b989c250afd0908af3b265fbe8cd') in 0.012180 seconds
  Import took 0.015312 seconds .

========================================================================
Received Import Request.
  Time since last request: 8.681653 seconds.
  path: Assets/Prefabs/EnemyTank.prefab
  artifactKey: Guid(b64177553c1b2774cbd656645a4581fb) Importer(815301076,1909f56bfc062723c751e8b465ee728b)
Start importing Assets/Prefabs/EnemyTank.prefab using Guid(b64177553c1b2774cbd656645a4581fb) Importer(815301076,1909f56bfc062723c751e8b465ee728b)  -> (artifact id: '9fec03e9ce91bb7e25864f04c27c87f2') in 0.011903 seconds
  Import took 0.014988 seconds .

========================================================================
Received Import Request.
  Time since last request: 5.228981 seconds.
  path: Assets/Prefabs/EnemyTank.prefab
  artifactKey: Guid(b64177553c1b2774cbd656645a4581fb) Importer(815301076,1909f56bfc062723c751e8b465ee728b)
Start importing Assets/Prefabs/EnemyTank.prefab using Guid(b64177553c1b2774cbd656645a4581fb) Importer(815301076,1909f56bfc062723c751e8b465ee728b)  -> (artifact id: '7961326ad2f839cda5e3db7f7ae8d3f4') in 0.011215 seconds
  Import took 0.014285 seconds .

========================================================================
Received Import Request.
  Time since last request: 7.857364 seconds.
  path: Assets/Prefabs/EnemyTank.prefab
  artifactKey: Guid(b64177553c1b2774cbd656645a4581fb) Importer(815301076,1909f56bfc062723c751e8b465ee728b)
Start importing Assets/Prefabs/EnemyTank.prefab using Guid(b64177553c1b2774cbd656645a4581fb) Importer(815301076,1909f56bfc062723c751e8b465ee728b)  -> (artifact id: 'c894b896e77f624d66be621874e386a3') in 0.010932 seconds
  Import took 0.013957 seconds .

========================================================================
Received Import Request.
  Time since last request: 6.444522 seconds.
  path: Assets/Prefabs/EnemyTank.prefab
  artifactKey: Guid(b64177553c1b2774cbd656645a4581fb) Importer(815301076,1909f56bfc062723c751e8b465ee728b)
Start importing Assets/Prefabs/EnemyTank.prefab using Guid(b64177553c1b2774cbd656645a4581fb) Importer(815301076,1909f56bfc062723c751e8b465ee728b)  -> (artifact id: 'a0a3087592caffcfb347343cb879dc13') in 0.011843 seconds
  Import took 0.015047 seconds .

========================================================================
Received Import Request.
  Time since last request: 2.833535 seconds.
  path: Assets/Prefabs/EnemyTank.prefab
  artifactKey: Guid(b64177553c1b2774cbd656645a4581fb) Importer(815301076,1909f56bfc062723c751e8b465ee728b)
Start importing Assets/Prefabs/EnemyTank.prefab using Guid(b64177553c1b2774cbd656645a4581fb) Importer(815301076,1909f56bfc062723c751e8b465ee728b)  -> (artifact id: '2271921d6a188f391516ae163c3a11e7') in 0.011414 seconds
  Import took 0.014416 seconds .

========================================================================
Received Prepare
Registering precompiled user dll's ...
Registered in 0.004024 seconds.
Begin MonoManager ReloadAssembly
Native extension for WindowsStandalone target not found
Refreshing native plugins compatible for Editor in 0.80 ms, found 2 plugins.
Preloading 0 native plugins for Editor in 0.00 ms.
Mono: successfully reloaded assembly
- Completed reload, in  0.893 seconds
Platform modules already initialized, skipping
Refreshing native plugins compatible for Editor in 0.77 ms, found 2 plugins.
Preloading 0 native plugins for Editor in 0.00 ms.
Unloading 2195 Unused Serialized files (Serialized files now loaded: 0)
System memory in use before: 94.1 MB.
System memory in use after: 94.3 MB.

Unloading 54 unused Assets to reduce memory usage. Loaded Objects now: 2720.
Total: 4.699500 ms (FindLiveObjects: 0.236100 ms CreateObjectMapping: 0.054200 ms MarkObjects: 4.340700 ms  DeleteObjects: 0.067000 ms)

========================================================================
Received Prepare
Registering precompiled user dll's ...
Registered in 0.003594 seconds.
Begin MonoManager ReloadAssembly
Native extension for WindowsStandalone target not found
Refreshing native plugins compatible for Editor in 0.76 ms, found 2 plugins.
Preloading 0 native plugins for Editor in 0.00 ms.
Mono: successfully reloaded assembly
- Completed reload, in  0.849 seconds
Platform modules already initialized, skipping
Refreshing native plugins compatible for Editor in 0.70 ms, found 2 plugins.
Preloading 0 native plugins for Editor in 0.00 ms.
Unloading 2195 Unused Serialized files (Serialized files now loaded: 0)
System memory in use before: 94.1 MB.
System memory in use after: 94.3 MB.

Unloading 54 unused Assets to reduce memory usage. Loaded Objects now: 2722.
Total: 4.829300 ms (FindLiveObjects: 0.277000 ms CreateObjectMapping: 0.060300 ms MarkObjects: 4.423600 ms  DeleteObjects: 0.067200 ms)

========================================================================
Received Prepare
Registering precompiled user dll's ...
Registered in 0.003400 seconds.
Begin MonoManager ReloadAssembly
Native extension for WindowsStandalone target not found
Refreshing native plugins compatible for Editor in 0.75 ms, found 2 plugins.
Preloading 0 native plugins for Editor in 0.00 ms.
Mono: successfully reloaded assembly
- Completed reload, in  0.879 seconds
Platform modules already initialized, skipping
Refreshing native plugins compatible for Editor in 0.70 ms, found 2 plugins.
Preloading 0 native plugins for Editor in 0.00 ms.
Unloading 2195 Unused Serialized files (Serialized files now loaded: 0)
System memory in use before: 94.1 MB.
System memory in use after: 94.3 MB.

Unloading 54 unused Assets to reduce memory usage. Loaded Objects now: 2724.
Total: 4.559000 ms (FindLiveObjects: 0.229700 ms CreateObjectMapping: 0.061800 ms MarkObjects: 4.208900 ms  DeleteObjects: 0.057400 ms)

========================================================================
Received Prepare
Registering precompiled user dll's ...
Registered in 0.003938 seconds.
Begin MonoManager ReloadAssembly
Native extension for WindowsStandalone target not found
Refreshing native plugins compatible for Editor in 0.72 ms, found 2 plugins.
Preloading 0 native plugins for Editor in 0.00 ms.
Mono: successfully reloaded assembly
- Completed reload, in  0.864 seconds
Platform modules already initialized, skipping
Refreshing native plugins compatible for Editor in 0.71 ms, found 2 plugins.
Preloading 0 native plugins for Editor in 0.00 ms.
Unloading 2195 Unused Serialized files (Serialized files now loaded: 0)
System memory in use before: 94.1 MB.
System memory in use after: 94.3 MB.

Unloading 54 unused Assets to reduce memory usage. Loaded Objects now: 2726.
Total: 4.747700 ms (FindLiveObjects: 0.251400 ms CreateObjectMapping: 0.056500 ms MarkObjects: 4.371800 ms  DeleteObjects: 0.066500 ms)

========================================================================
Received Prepare
Registering precompiled user dll's ...
Registered in 0.003820 seconds.
Begin MonoManager ReloadAssembly
Native extension for WindowsStandalone target not found
Refreshing native plugins compatible for Editor in 0.71 ms, found 2 plugins.
Preloading 0 native plugins for Editor in 0.00 ms.
Mono: successfully reloaded assembly
- Completed reload, in  0.847 seconds
Platform modules already initialized, skipping
Refreshing native plugins compatible for Editor in 0.68 ms, found 2 plugins.
Preloading 0 native plugins for Editor in 0.00 ms.
Unloading 2195 Unused Serialized files (Serialized files now loaded: 0)
System memory in use before: 94.1 MB.
System memory in use after: 94.3 MB.

Unloading 54 unused Assets to reduce memory usage. Loaded Objects now: 2728.
Total: 4.457700 ms (FindLiveObjects: 0.218100 ms CreateObjectMapping: 0.063200 ms MarkObjects: 4.123500 ms  DeleteObjects: 0.052000 ms)

========================================================================
Received Prepare
Registering precompiled user dll's ...
Registered in 0.003607 seconds.
Begin MonoManager ReloadAssembly
Native extension for WindowsStandalone target not found
Refreshing native plugins compatible for Editor in 0.80 ms, found 2 plugins.
Preloading 0 native plugins for Editor in 0.00 ms.
Mono: successfully reloaded assembly
- Completed reload, in  0.946 seconds
Platform modules already initialized, skipping
Refreshing native plugins compatible for Editor in 0.73 ms, found 2 plugins.
Preloading 0 native plugins for Editor in 0.00 ms.
Unloading 2195 Unused Serialized files (Serialized files now loaded: 0)
System memory in use before: 94.1 MB.
System memory in use after: 94.3 MB.

Unloading 54 unused Assets to reduce memory usage. Loaded Objects now: 2730.
Total: 4.636300 ms (FindLiveObjects: 0.263500 ms CreateObjectMapping: 0.056400 ms MarkObjects: 4.254000 ms  DeleteObjects: 0.061200 ms)

AssetImportWorkerClient::OnTransportError - code=2 error=End of file
